<?xml version='1.0' encoding='UTF-8'?>
<testsuite hostname="MLINPU1502-0043" name="writers.TimeWindowOutputWriterSpec" tests="2" errors="1" failures="1" skipped="0" time="0.044" timestamp="2020-02-29T13:43:34">
                     <properties>
      <property name="jline.esc.timeout" value="0"/><property name="jna.platform.library.path" value="/usr/lib:/usr/lib"/><property name="java.runtime.name" value="Java(TM) SE Runtime Environment"/><property name="sun.boot.library.path" value="/Library/Java/JavaVirtualMachines/jdk1.8.0_191.jdk/Contents/Home/jre/lib"/><property name="java.vm.version" value="25.191-b12"/><property name="gopherProxySet" value="false"/><property name="java.vm.vendor" value="Oracle Corporation"/><property name="java.vendor.url" value="http://java.oracle.com/"/><property name="path.separator" value=":"/><property name="jna.loaded" value="true"/><property name="java.vm.name" value="Java HotSpot(TM) 64-Bit Server VM"/><property name="file.encoding.pkg" value="sun.io"/><property name="user.country" value="US"/><property name="sun.java.launcher" value="SUN_STANDARD"/><property name="sun.os.patch.level" value="unknown"/><property name="jna.nosys" value="true"/><property name="java.vm.specification.name" value="Java Virtual Machine Specification"/><property name="user.dir" value="/Users/tsn3316/work/timeWindow"/><property name="java.runtime.version" value="1.8.0_191-b12"/><property name="java.awt.graphicsenv" value="sun.awt.CGraphicsEnvironment"/><property name="java.endorsed.dirs" value="/Library/Java/JavaVirtualMachines/jdk1.8.0_191.jdk/Contents/Home/jre/lib/endorsed"/><property name="os.arch" value="x86_64"/><property name="java.io.tmpdir" value="/var/folders/4m/4jy5qk9s7691ysgv8kjqnwb8khk7rp/T/"/><property name="line.separator" value="
"/><property name="java.vm.specification.vendor" value="Oracle Corporation"/><property name="log4j.ignoreTCL" value="true"/><property name="os.name" value="Mac OS X"/><property name="sun.jnu.encoding" value="UTF-8"/><property name="jnidispatch.path" value="/var/folders/4m/4jy5qk9s7691ysgv8kjqnwb8khk7rp/T/jna--1028245804/jna5326046614681555538.tmp"/><property name="java.library.path" value="/Users/tsn3316/Library/Java/Extensions:/Library/Java/Extensions:/Network/Library/Java/Extensions:/System/Library/Java/Extensions:/usr/lib/java:."/><property name="java.specification.name" value="Java Platform API Specification"/><property name="java.class.version" value="52.0"/><property name="sun.management.compiler" value="HotSpot 64-Bit Tiered Compilers"/><property name="os.version" value="10.14.6"/><property name="swoval.tmpdir" value="/Users/tsn3316/.sbt/1.0"/><property name="user.home" value="/Users/tsn3316"/><property name="user.timezone" value="Asia/Kolkata"/><property name="java.awt.printerjob" value="sun.lwawt.macosx.CPrinterJob"/><property name="file.encoding" value="UTF-8"/><property name="java.specification.version" value="1.8"/><property name="java.class.path" value="/usr/local/Cellar/sbt/1.0.3/libexec/bin/sbt-launch.jar"/><property name="user.name" value="tsn3316"/><property name="jline.shutdownhook" value="false"/><property name="java.vm.specification.version" value="1.8"/><property name="sun.java.command" value="/usr/local/Cellar/sbt/1.0.3/libexec/bin/sbt-launch.jar testOnly *.TimeWindowOutputWriterSpec"/><property name="java.home" value="/Library/Java/JavaVirtualMachines/jdk1.8.0_191.jdk/Contents/Home/jre"/><property name="sun.arch.data.model" value="64"/><property name="user.language" value="en"/><property name="java.specification.vendor" value="Oracle Corporation"/><property name="awt.toolkit" value="sun.lwawt.macosx.LWCToolkit"/><property name="java.vm.info" value="mixed mode"/><property name="java.version" value="1.8.0_191"/><property name="java.ext.dirs" value="/Users/tsn3316/Library/Java/Extensions:/Library/Java/JavaVirtualMachines/jdk1.8.0_191.jdk/Contents/Home/jre/lib/ext:/Library/Java/Extensions:/Network/Library/Java/Extensions:/System/Library/Java/Extensions:/usr/lib/java"/><property name="sun.boot.class.path" value="/Library/Java/JavaVirtualMachines/jdk1.8.0_191.jdk/Contents/Home/jre/lib/resources.jar:/Library/Java/JavaVirtualMachines/jdk1.8.0_191.jdk/Contents/Home/jre/lib/rt.jar:/Library/Java/JavaVirtualMachines/jdk1.8.0_191.jdk/Contents/Home/jre/lib/sunrsasign.jar:/Library/Java/JavaVirtualMachines/jdk1.8.0_191.jdk/Contents/Home/jre/lib/jsse.jar:/Library/Java/JavaVirtualMachines/jdk1.8.0_191.jdk/Contents/Home/jre/lib/jce.jar:/Library/Java/JavaVirtualMachines/jdk1.8.0_191.jdk/Contents/Home/jre/lib/charsets.jar:/Library/Java/JavaVirtualMachines/jdk1.8.0_191.jdk/Contents/Home/jre/lib/jfr.jar:/Library/Java/JavaVirtualMachines/jdk1.8.0_191.jdk/Contents/Home/jre/classes"/><property name="java.vendor" value="Oracle Corporation"/><property name="file.separator" value="/"/><property name="java.vendor.url.bug" value="http://bugreport.sun.com/bugreport/"/><property name="sun.io.unicode.encoding" value="UnicodeBig"/><property name="sun.cpu.endian" value="little"/><property name="sun.cpu.isalist" value=""/>
    </properties>
                     <testcase classname="writers.TimeWindowOutputWriterSpec" name="Time window output writer should::return time window formatted output if input is in correct format" time="0.019">
                                                 <error message="scala.Tuple3 cannot be cast to scala.runtime.Nothing$" type="java.lang.ClassCastException">java.lang.ClassCastException: scala.Tuple3 cannot be cast to scala.runtime.Nothing$
	at writers.TimeWindowOutputWriter.$anonfun$writer$1(TimeWindowOutputWriter.scala:12)
	at writers.TimeWindowOutputWriter.writer(TimeWindowOutputWriter.scala:11)
	at writers.TimeWindowOutputWriterSpec$$anon$1.$anonfun$new$3(TimeWindowOutputWriterSpec.scala:17)
	at writers.TimeWindowOutputWriterSpec$$anon$1.&lt;init&gt;(TimeWindowOutputWriterSpec.scala:17)
	at writers.TimeWindowOutputWriterSpec.$anonfun$new$2(TimeWindowOutputWriterSpec.scala:11)
</error>
                                               </testcase><testcase classname="writers.TimeWindowOutputWriterSpec" name="Time window output writer should::return error msg as output if input is not in correct format" time="0.025">
                                                 <failure message="'..........' != 'Input format not supported...'" type="java.lang.Exception">java.lang.Exception: '..........' != 'Input format not supported...'
	at writers.TimeWindowOutputWriterSpec$$anon$2.&lt;init&gt;(TimeWindowOutputWriterSpec.scala:21)
	at writers.TimeWindowOutputWriterSpec.$anonfun$new$5(TimeWindowOutputWriterSpec.scala:20)
</failure>
                                               </testcase>
                     <system-out><![CDATA[]]></system-out>
                     <system-err><![CDATA[]]></system-err>
                   </testsuite>